# JRE version: OpenJDK Runtime Environment Temurin-21.0.8+9 (21.0.8+9) (build 21.0.8+9-LTS)
# Java VM: OpenJDK 64-Bit Server VM Temurin-21.0.8+9 (21.0.8+9-LTS, mixed mode, sharing, tiered, compressed oops, compressed class ptrs, parallel gc, windows-amd64)
GC Precious Log:
 CardTable entry size: 512
 CPUs: 8 total, 8 available
 Memory: 16064M
 Large Page Support: Disabled
 NUMA Support: Disabled
 Compressed Oops: Enabled (32-bit)
 Alignments: Space 512K, Generation 512K, Heap 2M
 Heap Min Capacity: 100M
 Heap Initial Capacity: 100M
 Heap Max Capacity: 2G
 Pre-touch: Disabled
 Parallel Workers: 8
Heap:
 PSYoungGen      total 18432K, used 16194K [0x00000000d5580000, 0x00000000d6b80000, 0x0000000100000000)
  eden space 16384K, 87% used [0x00000000d5580000,0x00000000d637d618,0x00000000d6580000)
  from space 2048K, 91% used [0x00000000d6980000,0x00000000d6b533b0,0x00000000d6b80000)
  to   space 2560K, 0% used [0x00000000d6680000,0x00000000d6680000,0x00000000d6900000)
 ParOldGen       total 795136K, used 794830K [0x0000000080000000, 0x00000000b0880000, 0x00000000d5580000)
  object space 795136K, 99% used [0x0000000080000000,0x00000000b08339f0,0x00000000b0880000)
 Metaspace       used 73019K, committed 74432K, reserved 1179648K
  class space    used 7754K, committed 8384K, reserved 1048576K
GC Heap History (20 events):
Event: 71.559 GC heap before
{Heap before GC invocations=1228 (full 3):
 PSYoungGen      total 18432K, used 18272K [0x00000000d5580000, 0x00000000d6980000, 0x0000000100000000)
  eden space 17920K, 100% used [0x00000000d5580000,0x00000000d6700000,0x00000000d6700000)
  from space 512K, 68% used [0x00000000d6900000,0x00000000d6958000,0x00000000d6980000)
  to   space 512K, 0% used [0x00000000d6880000,0x00000000d6880000,0x00000000d6900000)
 ParOldGen       total 779264K, used 779073K [0x0000000080000000, 0x00000000af900000, 0x00000000d5580000)
  object space 779264K, 99% used [0x0000000080000000,0x00000000af8d07b8,0x00000000af900000)
 Metaspace       used 68948K, committed 70272K, reserved 1114112K
  class space    used 7392K, committed 7936K, reserved 1048576K
}
Event: 71.562 GC heap after
{Heap after GC invocations=1228 (full 3):
 PSYoungGen      total 18432K, used 288K [0x00000000d5580000, 0x00000000d6980000, 0x0000000100000000)
  eden space 17920K, 0% used [0x00000000d5580000,0x00000000d5580000,0x00000000d6700000)
  from space 512K, 56% used [0x00000000d6880000,0x00000000d68c8000,0x00000000d6900000)
  to   space 512K, 0% used [0x00000000d6900000,0x00000000d6900000,0x00000000d6980000)
 ParOldGen       total 779776K, used 779313K [0x0000000080000000, 0x00000000af980000, 0x00000000d5580000)
  object space 779776K, 99% used [0x0000000080000000,0x00000000af90c7b8,0x00000000af980000)
 Metaspace       used 68948K, committed 70272K, reserved 1114112K
  class space    used 7392K, committed 7936K, reserved 1048576K
}
Event: 71.652 GC heap before
{Heap before GC invocations=1229 (full 3):
 PSYoungGen      total 18432K, used 18208K [0x00000000d5580000, 0x00000000d6980000, 0x0000000100000000)
  eden space 17920K, 100% used [0x00000000d5580000,0x00000000d6700000,0x00000000d6700000)
  from space 512K, 56% used [0x00000000d6880000,0x00000000d68c8000,0x00000000d6900000)
  to   space 512K, 0% used [0x00000000d6900000,0x00000000d6900000,0x00000000d6980000)
 ParOldGen       total 779776K, used 779313K [0x0000000080000000, 0x00000000af980000, 0x00000000d5580000)
  object space 779776K, 99% used [0x0000000080000000,0x00000000af90c7b8,0x00000000af980000)
 Metaspace       used 68970K, committed 70336K, reserved 1114112K
  class space    used 7394K, committed 7936K, reserved 1048576K
}
Event: 71.657 GC heap after
{Heap after GC invocations=1229 (full 3):
 PSYoungGen      total 18432K, used 416K [0x00000000d5580000, 0x00000000d6980000, 0x0000000100000000)
  eden space 17920K, 0% used [0x00000000d5580000,0x00000000d5580000,0x00000000d6700000)
  from space 512K, 81% used [0x00000000d6900000,0x00000000d6968000,0x00000000d6980000)
  to   space 512K, 0% used [0x00000000d6880000,0x00000000d6880000,0x00000000d6900000)
 ParOldGen       total 779776K, used 779481K [0x0000000080000000, 0x00000000af980000, 0x00000000d5580000)
  object space 779776K, 99% used [0x0000000080000000,0x00000000af9367b8,0x00000000af980000)
 Metaspace       used 68970K, committed 70336K, reserved 1114112K
  class space    used 7394K, committed 7936K, reserved 1048576K
}
Event: 71.704 GC heap before
{Heap before GC invocations=1230 (full 3):
 PSYoungGen      total 18432K, used 18336K [0x00000000d5580000, 0x00000000d6980000, 0x0000000100000000)
  eden space 17920K, 100% used [0x00000000d5580000,0x00000000d6700000,0x00000000d6700000)
  from space 512K, 81% used [0x00000000d6900000,0x00000000d6968000,0x00000000d6980000)
  to   space 512K, 0% used [0x00000000d6880000,0x00000000d6880000,0x00000000d6900000)
 ParOldGen       total 779776K, used 779481K [0x0000000080000000, 0x00000000af980000, 0x00000000d5580000)
  object space 779776K, 99% used [0x0000000080000000,0x00000000af9367b8,0x00000000af980000)
 Metaspace       used 68987K, committed 70336K, reserved 1114112K
  class space    used 7397K, committed 7936K, reserved 1048576K
}
Event: 71.707 GC heap after
{Heap after GC invocations=1230 (full 3):
 PSYoungGen      total 18432K, used 352K [0x00000000d5580000, 0x00000000d6980000, 0x0000000100000000)
  eden space 17920K, 0% used [0x00000000d5580000,0x00000000d5580000,0x00000000d6700000)
  from space 512K, 68% used [0x00000000d6880000,0x00000000d68d8000,0x00000000d6900000)
  to   space 512K, 0% used [0x00000000d6900000,0x00000000d6900000,0x00000000d6980000)
 ParOldGen       total 779776K, used 779681K [0x0000000080000000, 0x00000000af980000, 0x00000000d5580000)
  object space 779776K, 99% used [0x0000000080000000,0x00000000af9687b8,0x00000000af980000)
 Metaspace       used 68987K, committed 70336K, reserved 1114112K
  class space    used 7397K, committed 7936K, reserved 1048576K
}
Event: 71.750 GC heap before
{Heap before GC invocations=1231 (full 3):
 PSYoungGen      total 18432K, used 18272K [0x00000000d5580000, 0x00000000d6980000, 0x0000000100000000)
  eden space 17920K, 100% used [0x00000000d5580000,0x00000000d6700000,0x00000000d6700000)
  from space 512K, 68% used [0x00000000d6880000,0x00000000d68d8000,0x00000000d6900000)
  to   space 512K, 0% used [0x00000000d6900000,0x00000000d6900000,0x00000000d6980000)
 ParOldGen       total 779776K, used 779681K [0x0000000080000000, 0x00000000af980000, 0x00000000d5580000)
  object space 779776K, 99% used [0x0000000080000000,0x00000000af9687b8,0x00000000af980000)
 Metaspace       used 69019K, committed 70336K, reserved 1114112K
  class space    used 7403K, committed 7936K, reserved 1048576K
}
Event: 71.755 GC heap after
{Heap after GC invocations=1231 (full 3):
 PSYoungGen      total 18432K, used 384K [0x00000000d5580000, 0x00000000d6980000, 0x0000000100000000)
  eden space 17920K, 0% used [0x00000000d5580000,0x00000000d5580000,0x00000000d6700000)
  from space 512K, 75% used [0x00000000d6900000,0x00000000d6960000,0x00000000d6980000)
  to   space 512K, 0% used [0x00000000d6880000,0x00000000d6880000,0x00000000d6900000)
 ParOldGen       total 780288K, used 779897K [0x0000000080000000, 0x00000000afa00000, 0x00000000d5580000)
  object space 780288K, 99% used [0x0000000080000000,0x00000000af99e7b8,0x00000000afa00000)
 Metaspace       used 69019K, committed 70336K, reserved 1114112K
  class space    used 7403K, committed 7936K, reserved 1048576K
}
Event: 71.850 GC heap before
{Heap before GC invocations=1232 (full 3):
 PSYoungGen      total 18432K, used 18304K [0x00000000d5580000, 0x00000000d6980000, 0x0000000100000000)
  eden space 17920K, 100% used [0x00000000d5580000,0x00000000d6700000,0x00000000d6700000)
  from space 512K, 75% used [0x00000000d6900000,0x00000000d6960000,0x00000000d6980000)
  to   space 512K, 0% used [0x00000000d6880000,0x00000000d6880000,0x00000000d6900000)
 ParOldGen       total 780288K, used 779897K [0x0000000080000000, 0x00000000afa00000, 0x00000000d5580000)
  object space 780288K, 99% used [0x0000000080000000,0x00000000af99e7b8,0x00000000afa00000)
 Metaspace       used 69029K, committed 70336K, reserved 1114112K
  class space    used 7405K, committed 7936K, reserved 1048576K
}
Event: 71.856 GC heap after
{Heap after GC invocations=1232 (full 3):
 PSYoungGen      total 18432K, used 496K [0x00000000d5580000, 0x00000000d7100000, 0x0000000100000000)
  eden space 17920K, 0% used [0x00000000d5580000,0x00000000d5580000,0x00000000d6700000)
  from space 512K, 96% used [0x00000000d6880000,0x00000000d68fc010,0x00000000d6900000)
  to   space 5120K, 0% used [0x00000000d6c00000,0x00000000d6c00000,0x00000000d7100000)
 ParOldGen       total 783872K, used 783516K [0x0000000080000000, 0x00000000afd80000, 0x00000000d5580000)
  object space 783872K, 99% used [0x0000000080000000,0x00000000afd27378,0x00000000afd80000)
 Metaspace       used 69029K, committed 70336K, reserved 1114112K
  class space    used 7405K, committed 7936K, reserved 1048576K
}
Event: 72.240 GC heap before
{Heap before GC invocations=1233 (full 3):
 PSYoungGen      total 18432K, used 18416K [0x00000000d5580000, 0x00000000d7100000, 0x0000000100000000)
  eden space 17920K, 100% used [0x00000000d5580000,0x00000000d6700000,0x00000000d6700000)
  from space 512K, 96% used [0x00000000d6880000,0x00000000d68fc010,0x00000000d6900000)
  to   space 5120K, 0% used [0x00000000d6c00000,0x00000000d6c00000,0x00000000d7100000)
 ParOldGen       total 783872K, used 783516K [0x0000000080000000, 0x00000000afd80000, 0x00000000d5580000)
  object space 783872K, 99% used [0x0000000080000000,0x00000000afd27378,0x00000000afd80000)
 Metaspace       used 69132K, committed 70464K, reserved 1114112K
  class space    used 7420K, committed 7936K, reserved 1048576K
}
Event: 72.250 GC heap after
{Heap after GC invocations=1233 (full 3):
 PSYoungGen      total 21504K, used 5090K [0x00000000d5580000, 0x00000000d7400000, 0x0000000100000000)
  eden space 16384K, 0% used [0x00000000d5580000,0x00000000d5580000,0x00000000d6580000)
  from space 5120K, 99% used [0x00000000d6c00000,0x00000000d70f8840,0x00000000d7100000)
  to   space 6656K, 0% used [0x00000000d6580000,0x00000000d6580000,0x00000000d6c00000)
 ParOldGen       total 784896K, used 784508K [0x0000000080000000, 0x00000000afe80000, 0x00000000d5580000)
  object space 784896K, 99% used [0x0000000080000000,0x00000000afe1f3f8,0x00000000afe80000)
 Metaspace       used 69132K, committed 70464K, reserved 1114112K
  class space    used 7420K, committed 7936K, reserved 1048576K
}
Event: 72.925 GC heap before
{Heap before GC invocations=1234 (full 3):
 PSYoungGen      total 21504K, used 21474K [0x00000000d5580000, 0x00000000d7400000, 0x0000000100000000)
  eden space 16384K, 100% used [0x00000000d5580000,0x00000000d6580000,0x00000000d6580000)
  from space 5120K, 99% used [0x00000000d6c00000,0x00000000d70f8840,0x00000000d7100000)
  to   space 6656K, 0% used [0x00000000d6580000,0x00000000d6580000,0x00000000d6c00000)
 ParOldGen       total 784896K, used 784508K [0x0000000080000000, 0x00000000afe80000, 0x00000000d5580000)
  object space 784896K, 99% used [0x0000000080000000,0x00000000afe1f3f8,0x00000000afe80000)
 Metaspace       used 69559K, committed 70912K, reserved 1114112K
  class space    used 7447K, committed 8000K, reserved 1048576K
}
Event: 72.933 GC heap after
{Heap after GC invocations=1234 (full 3):
 PSYoungGen      total 18944K, used 2346K [0x00000000d5580000, 0x00000000d6d80000, 0x0000000100000000)
  eden space 16384K, 0% used [0x00000000d5580000,0x00000000d5580000,0x00000000d6580000)
  from space 2560K, 91% used [0x00000000d6580000,0x00000000d67caa70,0x00000000d6800000)
  to   space 4096K, 0% used [0x00000000d6980000,0x00000000d6980000,0x00000000d6d80000)
 ParOldGen       total 789504K, used 789364K [0x0000000080000000, 0x00000000b0300000, 0x00000000d5580000)
  object space 789504K, 99% used [0x0000000080000000,0x00000000b02dd0f0,0x00000000b0300000)
 Metaspace       used 69559K, committed 70912K, reserved 1114112K
  class space    used 7447K, committed 8000K, reserved 1048576K
}
Event: 73.399 GC heap before
{Heap before GC invocations=1235 (full 3):
 PSYoungGen      total 18944K, used 18730K [0x00000000d5580000, 0x00000000d6d80000, 0x0000000100000000)
  eden space 16384K, 99% used [0x00000000d5580000,0x00000000d657fff8,0x00000000d6580000)
  from space 2560K, 91% used [0x00000000d6580000,0x00000000d67caa70,0x00000000d6800000)
  to   space 4096K, 0% used [0x00000000d6980000,0x00000000d6980000,0x00000000d6d80000)
 ParOldGen       total 789504K, used 789364K [0x0000000080000000, 0x00000000b0300000, 0x00000000d5580000)
  object space 789504K, 99% used [0x0000000080000000,0x00000000b02dd0f0,0x00000000b0300000)
 Metaspace       used 70665K, committed 71936K, reserved 1114112K
  class space    used 7536K, committed 8064K, reserved 1048576K
}
Event: 73.405 GC heap after
{Heap after GC invocations=1235 (full 3):
 PSYoungGen      total 17920K, used 1140K [0x00000000d5580000, 0x00000000d6b00000, 0x0000000100000000)
  eden space 16384K, 0% used [0x00000000d5580000,0x00000000d5580000,0x00000000d6580000)
  from space 1536K, 74% used [0x00000000d6980000,0x00000000d6a9d2c0,0x00000000d6b00000)
  to   space 2048K, 0% used [0x00000000d6700000,0x00000000d6700000,0x00000000d6900000)
 ParOldGen       total 792064K, used 791630K [0x0000000080000000, 0x00000000b0580000, 0x00000000d5580000)
  object space 792064K, 99% used [0x0000000080000000,0x00000000b0513b60,0x00000000b0580000)
 Metaspace       used 70665K, committed 71936K, reserved 1114112K
  class space    used 7536K, committed 8064K, reserved 1048576K
}
Event: 73.708 GC heap before
{Heap before GC invocations=1236 (full 3):
 PSYoungGen      total 17920K, used 17524K [0x00000000d5580000, 0x00000000d6b00000, 0x0000000100000000)
  eden space 16384K, 100% used [0x00000000d5580000,0x00000000d6580000,0x00000000d6580000)
  from space 1536K, 74% used [0x00000000d6980000,0x00000000d6a9d2c0,0x00000000d6b00000)
  to   space 2048K, 0% used [0x00000000d6700000,0x00000000d6700000,0x00000000d6900000)
 ParOldGen       total 792064K, used 791630K [0x0000000080000000, 0x00000000b0580000, 0x00000000d5580000)
  object space 792064K, 99% used [0x0000000080000000,0x00000000b0513b60,0x00000000b0580000)
 Metaspace       used 71404K, committed 72768K, reserved 1114112K
  class space    used 7591K, committed 8192K, reserved 1048576K
}
Event: 73.711 GC heap after
{Heap after GC invocations=1236 (full 3):
 PSYoungGen      total 18432K, used 2042K [0x00000000d5580000, 0x00000000d6d80000, 0x0000000100000000)
  eden space 16384K, 0% used [0x00000000d5580000,0x00000000d5580000,0x00000000d6580000)
  from space 2048K, 99% used [0x00000000d6700000,0x00000000d68feb80,0x00000000d6900000)
  to   space 4096K, 0% used [0x00000000d6980000,0x00000000d6980000,0x00000000d6d80000)
 ParOldGen       total 793088K, used 792846K [0x0000000080000000, 0x00000000b0680000, 0x00000000d5580000)
  object space 793088K, 99% used [0x0000000080000000,0x00000000b0643938,0x00000000b0680000)
 Metaspace       used 71404K, committed 72768K, reserved 1114112K
  class space    used 7591K, committed 8192K, reserved 1048576K
}
Event: 74.129 GC heap before
{Heap before GC invocations=1237 (full 3):
 PSYoungGen      total 18432K, used 18426K [0x00000000d5580000, 0x00000000d6d80000, 0x0000000100000000)
  eden space 16384K, 100% used [0x00000000d5580000,0x00000000d6580000,0x00000000d6580000)
  from space 2048K, 99% used [0x00000000d6700000,0x00000000d68feb80,0x00000000d6900000)
  to   space 4096K, 0% used [0x00000000d6980000,0x00000000d6980000,0x00000000d6d80000)
 ParOldGen       total 793088K, used 792846K [0x0000000080000000, 0x00000000b0680000, 0x00000000d5580000)
  object space 793088K, 99% used [0x0000000080000000,0x00000000b0643938,0x00000000b0680000)
 Metaspace       used 72389K, committed 73792K, reserved 1179648K
  class space    used 7697K, committed 8320K, reserved 1048576K
}
Event: 74.135 GC heap after
{Heap after GC invocations=1237 (full 3):
 PSYoungGen      total 18432K, used 1868K [0x00000000d5580000, 0x00000000d6b80000, 0x0000000100000000)
  eden space 16384K, 0% used [0x00000000d5580000,0x00000000d5580000,0x00000000d6580000)
  from space 2048K, 91% used [0x00000000d6980000,0x00000000d6b533b0,0x00000000d6b80000)
  to   space 2560K, 0% used [0x00000000d6680000,0x00000000d6680000,0x00000000d6900000)
 ParOldGen       total 795136K, used 794830K [0x0000000080000000, 0x00000000b0880000, 0x00000000d5580000)
  object space 795136K, 99% used [0x0000000080000000,0x00000000b08339f0,0x00000000b0880000)
 Metaspace       used 72389K, committed 73792K, reserved 1179648K
  class space    used 7697K, committed 8320K, reserved 1048576K
}

