# JRE version: OpenJDK Runtime Environment Temurin-21.0.8+9 (21.0.8+9) (build 21.0.8+9-LTS)
# Java VM: OpenJDK 64-Bit Server VM Temurin-21.0.8+9 (21.0.8+9-LTS, mixed mode, sharing, tiered, compressed oops, compressed class ptrs, parallel gc, windows-amd64)
GC Precious Log:
 CardTable entry size: 512
 CPUs: 8 total, 8 available
 Memory: 16064M
 Large Page Support: Disabled
 NUMA Support: Disabled
 Compressed Oops: Enabled (32-bit)
 Alignments: Space 512K, Generation 512K, Heap 2M
 Heap Min Capacity: 100M
 Heap Initial Capacity: 100M
 Heap Max Capacity: 2G
 Pre-touch: Disabled
 Parallel Workers: 8
Heap:
 PSYoungGen      total 71680K, used 64165K [0x00000000d5580000, 0x00000000dfa80000, 0x0000000100000000)
  eden space 70144K, 89% used [0x00000000d5580000,0x00000000d92d2648,0x00000000d9a00000)
  from space 1536K, 89% used [0x00000000df900000,0x00000000dfa57188,0x00000000dfa80000)
  to   space 4608K, 0% used [0x00000000df180000,0x00000000df180000,0x00000000df600000)
 ParOldGen       total 1204736K, used 1204537K [0x0000000080000000, 0x00000000c9880000, 0x00000000d5580000)
  object space 1204736K, 99% used [0x0000000080000000,0x00000000c984e548,0x00000000c9880000)
 Metaspace       used 86254K, committed 87808K, reserved 1179648K
  class space    used 8887K, committed 9600K, reserved 1048576K
GC Heap History (20 events):
Event: 14691.409 GC heap before
{Heap before GC invocations=2347 (full 4):
 PSYoungGen      total 102912K, used 102761K [0x00000000d5580000, 0x00000000e0880000, 0x0000000100000000)
  eden space 100864K, 100% used [0x00000000d5580000,0x00000000db800000,0x00000000db800000)
  from space 2048K, 92% used [0x00000000e0680000,0x00000000e085a4c8,0x00000000e0880000)
  to   space 2560K, 0% used [0x00000000e0380000,0x00000000e0380000,0x00000000e0600000)
 ParOldGen       total 1154048K, used 1153592K [0x0000000080000000, 0x00000000c6700000, 0x00000000d5580000)
  object space 1154048K, 99% used [0x0000000080000000,0x00000000c668e1d0,0x00000000c6700000)
 Metaspace       used 85717K, committed 87168K, reserved 1179648K
  class space    used 8863K, committed 9536K, reserved 1048576K
}
Event: 14691.417 GC heap after
{Heap after GC invocations=2347 (full 4):
 PSYoungGen      total 99840K, used 2552K [0x00000000d5580000, 0x00000000e0700000, 0x0000000100000000)
  eden space 97280K, 0% used [0x00000000d5580000,0x00000000d5580000,0x00000000db480000)
  from space 2560K, 99% used [0x00000000e0380000,0x00000000e05fe008,0x00000000e0600000)
  to   space 1024K, 0% used [0x00000000e0600000,0x00000000e0600000,0x00000000e0700000)
 ParOldGen       total 1161728K, used 1161301K [0x0000000080000000, 0x00000000c6e80000, 0x00000000d5580000)
  object space 1161728K, 99% used [0x0000000080000000,0x00000000c6e155c8,0x00000000c6e80000)
 Metaspace       used 85717K, committed 87168K, reserved 1179648K
  class space    used 8863K, committed 9536K, reserved 1048576K
}
Event: 14691.849 GC heap before
{Heap before GC invocations=2348 (full 4):
 PSYoungGen      total 99840K, used 99832K [0x00000000d5580000, 0x00000000e0700000, 0x0000000100000000)
  eden space 97280K, 100% used [0x00000000d5580000,0x00000000db480000,0x00000000db480000)
  from space 2560K, 99% used [0x00000000e0380000,0x00000000e05fe008,0x00000000e0600000)
  to   space 1024K, 0% used [0x00000000e0600000,0x00000000e0600000,0x00000000e0700000)
 ParOldGen       total 1161728K, used 1161301K [0x0000000080000000, 0x00000000c6e80000, 0x00000000d5580000)
  object space 1161728K, 99% used [0x0000000080000000,0x00000000c6e155c8,0x00000000c6e80000)
 Metaspace       used 85717K, committed 87168K, reserved 1179648K
  class space    used 8863K, committed 9536K, reserved 1048576K
}
Event: 14691.856 GC heap after
{Heap after GC invocations=2348 (full 4):
 PSYoungGen      total 94720K, used 1003K [0x00000000d5580000, 0x00000000e0700000, 0x0000000100000000)
  eden space 93696K, 0% used [0x00000000d5580000,0x00000000d5580000,0x00000000db100000)
  from space 1024K, 98% used [0x00000000e0600000,0x00000000e06fafb0,0x00000000e0700000)
  to   space 9216K, 0% used [0x00000000df500000,0x00000000df500000,0x00000000dfe00000)
 ParOldGen       total 1169408K, used 1169006K [0x0000000080000000, 0x00000000c7600000, 0x00000000d5580000)
  object space 1169408K, 99% used [0x0000000080000000,0x00000000c759b9e8,0x00000000c7600000)
 Metaspace       used 85717K, committed 87168K, reserved 1179648K
  class space    used 8863K, committed 9536K, reserved 1048576K
}
Event: 14692.143 GC heap before
{Heap before GC invocations=2349 (full 4):
 PSYoungGen      total 94720K, used 94699K [0x00000000d5580000, 0x00000000e0700000, 0x0000000100000000)
  eden space 93696K, 100% used [0x00000000d5580000,0x00000000db100000,0x00000000db100000)
  from space 1024K, 98% used [0x00000000e0600000,0x00000000e06fafb0,0x00000000e0700000)
  to   space 9216K, 0% used [0x00000000df500000,0x00000000df500000,0x00000000dfe00000)
 ParOldGen       total 1169408K, used 1169006K [0x0000000080000000, 0x00000000c7600000, 0x00000000d5580000)
  object space 1169408K, 99% used [0x0000000080000000,0x00000000c759b9e8,0x00000000c7600000)
 Metaspace       used 85717K, committed 87168K, reserved 1179648K
  class space    used 8863K, committed 9536K, reserved 1048576K
}
Event: 14692.147 GC heap after
{Heap after GC invocations=2349 (full 4):
 PSYoungGen      total 99328K, used 3020K [0x00000000d5580000, 0x00000000e0680000, 0x0000000100000000)
  eden space 90112K, 0% used [0x00000000d5580000,0x00000000d5580000,0x00000000dad80000)
  from space 9216K, 32% used [0x00000000df500000,0x00000000df7f3008,0x00000000dfe00000)
  to   space 5632K, 0% used [0x00000000e0100000,0x00000000e0100000,0x00000000e0680000)
 ParOldGen       total 1169408K, used 1169246K [0x0000000080000000, 0x00000000c7600000, 0x00000000d5580000)
  object space 1169408K, 99% used [0x0000000080000000,0x00000000c75d79e8,0x00000000c7600000)
 Metaspace       used 85717K, committed 87168K, reserved 1179648K
  class space    used 8863K, committed 9536K, reserved 1048576K
}
Event: 14692.661 GC heap before
{Heap before GC invocations=2350 (full 4):
 PSYoungGen      total 99328K, used 93132K [0x00000000d5580000, 0x00000000e0680000, 0x0000000100000000)
  eden space 90112K, 100% used [0x00000000d5580000,0x00000000dad80000,0x00000000dad80000)
  from space 9216K, 32% used [0x00000000df500000,0x00000000df7f3008,0x00000000dfe00000)
  to   space 5632K, 0% used [0x00000000e0100000,0x00000000e0100000,0x00000000e0680000)
 ParOldGen       total 1169408K, used 1169246K [0x0000000080000000, 0x00000000c7600000, 0x00000000d5580000)
  object space 1169408K, 99% used [0x0000000080000000,0x00000000c75d79e8,0x00000000c7600000)
 Metaspace       used 85717K, committed 87168K, reserved 1179648K
  class space    used 8863K, committed 9536K, reserved 1048576K
}
Event: 14692.665 GC heap after
{Heap after GC invocations=2350 (full 4):
 PSYoungGen      total 88576K, used 1264K [0x00000000d5580000, 0x00000000e0280000, 0x0000000100000000)
  eden space 87040K, 0% used [0x00000000d5580000,0x00000000d5580000,0x00000000daa80000)
  from space 1536K, 82% used [0x00000000e0100000,0x00000000e023c3f8,0x00000000e0280000)
  to   space 2560K, 0% used [0x00000000dfd80000,0x00000000dfd80000,0x00000000e0000000)
 ParOldGen       total 1171456K, used 1171442K [0x0000000080000000, 0x00000000c7800000, 0x00000000d5580000)
  object space 1171456K, 99% used [0x0000000080000000,0x00000000c77fc9f0,0x00000000c7800000)
 Metaspace       used 85717K, committed 87168K, reserved 1179648K
  class space    used 8863K, committed 9536K, reserved 1048576K
}
Event: 14692.894 GC heap before
{Heap before GC invocations=2351 (full 4):
 PSYoungGen      total 88576K, used 88304K [0x00000000d5580000, 0x00000000e0280000, 0x0000000100000000)
  eden space 87040K, 100% used [0x00000000d5580000,0x00000000daa80000,0x00000000daa80000)
  from space 1536K, 82% used [0x00000000e0100000,0x00000000e023c3f8,0x00000000e0280000)
  to   space 2560K, 0% used [0x00000000dfd80000,0x00000000dfd80000,0x00000000e0000000)
 ParOldGen       total 1171456K, used 1171442K [0x0000000080000000, 0x00000000c7800000, 0x00000000d5580000)
  object space 1171456K, 99% used [0x0000000080000000,0x00000000c77fc9f0,0x00000000c7800000)
 Metaspace       used 85717K, committed 87168K, reserved 1179648K
  class space    used 8863K, committed 9536K, reserved 1048576K
}
Event: 14692.904 GC heap after
{Heap after GC invocations=2351 (full 4):
 PSYoungGen      total 86528K, used 2546K [0x00000000d5580000, 0x00000000e0180000, 0x0000000100000000)
  eden space 83968K, 0% used [0x00000000d5580000,0x00000000d5580000,0x00000000da780000)
  from space 2560K, 99% used [0x00000000dfd80000,0x00000000dfffcb70,0x00000000e0000000)
  to   space 1536K, 0% used [0x00000000e0000000,0x00000000e0000000,0x00000000e0180000)
 ParOldGen       total 1186304K, used 1186231K [0x0000000080000000, 0x00000000c8680000, 0x00000000d5580000)
  object space 1186304K, 99% used [0x0000000080000000,0x00000000c866dd50,0x00000000c8680000)
 Metaspace       used 85717K, committed 87168K, reserved 1179648K
  class space    used 8863K, committed 9536K, reserved 1048576K
}
Event: 14714.058 GC heap before
{Heap before GC invocations=2352 (full 4):
 PSYoungGen      total 86528K, used 86514K [0x00000000d5580000, 0x00000000e0180000, 0x0000000100000000)
  eden space 83968K, 100% used [0x00000000d5580000,0x00000000da780000,0x00000000da780000)
  from space 2560K, 99% used [0x00000000dfd80000,0x00000000dfffcb70,0x00000000e0000000)
  to   space 1536K, 0% used [0x00000000e0000000,0x00000000e0000000,0x00000000e0180000)
 ParOldGen       total 1186304K, used 1186231K [0x0000000080000000, 0x00000000c8680000, 0x00000000d5580000)
  object space 1186304K, 99% used [0x0000000080000000,0x00000000c866dd50,0x00000000c8680000)
 Metaspace       used 85782K, committed 87296K, reserved 1179648K
  class space    used 8864K, committed 9536K, reserved 1048576K
}
Event: 14714.064 GC heap after
{Heap after GC invocations=2352 (full 4):
 PSYoungGen      total 82432K, used 1529K [0x00000000d5580000, 0x00000000e0180000, 0x0000000100000000)
  eden space 80896K, 0% used [0x00000000d5580000,0x00000000d5580000,0x00000000da480000)
  from space 1536K, 99% used [0x00000000e0000000,0x00000000e017e560,0x00000000e0180000)
  to   space 10752K, 0% used [0x00000000dec80000,0x00000000dec80000,0x00000000df700000)
 ParOldGen       total 1191936K, used 1191571K [0x0000000080000000, 0x00000000c8c00000, 0x00000000d5580000)
  object space 1191936K, 99% used [0x0000000080000000,0x00000000c8ba4c98,0x00000000c8c00000)
 Metaspace       used 85782K, committed 87296K, reserved 1179648K
  class space    used 8864K, committed 9536K, reserved 1048576K
}
Event: 14774.963 GC heap before
{Heap before GC invocations=2353 (full 4):
 PSYoungGen      total 82432K, used 82425K [0x00000000d5580000, 0x00000000e0180000, 0x0000000100000000)
  eden space 80896K, 100% used [0x00000000d5580000,0x00000000da480000,0x00000000da480000)
  from space 1536K, 99% used [0x00000000e0000000,0x00000000e017e560,0x00000000e0180000)
  to   space 10752K, 0% used [0x00000000dec80000,0x00000000dec80000,0x00000000df700000)
 ParOldGen       total 1191936K, used 1191571K [0x0000000080000000, 0x00000000c8c00000, 0x00000000d5580000)
  object space 1191936K, 99% used [0x0000000080000000,0x00000000c8ba4c98,0x00000000c8c00000)
 Metaspace       used 85828K, committed 87296K, reserved 1179648K
  class space    used 8864K, committed 9536K, reserved 1048576K
}
Event: 14774.971 GC heap after
{Heap after GC invocations=2353 (full 4):
 PSYoungGen      total 88576K, used 4226K [0x00000000d5580000, 0x00000000e0080000, 0x0000000100000000)
  eden space 77824K, 0% used [0x00000000d5580000,0x00000000d5580000,0x00000000da180000)
  from space 10752K, 39% used [0x00000000dec80000,0x00000000df0a0878,0x00000000df700000)
  to   space 6144K, 0% used [0x00000000dfa80000,0x00000000dfa80000,0x00000000e0080000)
 ParOldGen       total 1193472K, used 1193088K [0x0000000080000000, 0x00000000c8d80000, 0x00000000d5580000)
  object space 1193472K, 99% used [0x0000000080000000,0x00000000c8d20358,0x00000000c8d80000)
 Metaspace       used 85828K, committed 87296K, reserved 1179648K
  class space    used 8864K, committed 9536K, reserved 1048576K
}
Event: 14802.852 GC heap before
{Heap before GC invocations=2354 (full 4):
 PSYoungGen      total 88576K, used 82050K [0x00000000d5580000, 0x00000000e0080000, 0x0000000100000000)
  eden space 77824K, 100% used [0x00000000d5580000,0x00000000da180000,0x00000000da180000)
  from space 10752K, 39% used [0x00000000dec80000,0x00000000df0a0878,0x00000000df700000)
  to   space 6144K, 0% used [0x00000000dfa80000,0x00000000dfa80000,0x00000000e0080000)
 ParOldGen       total 1193472K, used 1193088K [0x0000000080000000, 0x00000000c8d80000, 0x00000000d5580000)
  object space 1193472K, 99% used [0x0000000080000000,0x00000000c8d20358,0x00000000c8d80000)
 Metaspace       used 85932K, committed 87424K, reserved 1179648K
  class space    used 8864K, committed 9536K, reserved 1048576K
}
Event: 14802.857 GC heap after
{Heap after GC invocations=2354 (full 4):
 PSYoungGen      total 76800K, used 1492K [0x00000000d5580000, 0x00000000dfc00000, 0x0000000100000000)
  eden space 75264K, 0% used [0x00000000d5580000,0x00000000d5580000,0x00000000d9f00000)
  from space 1536K, 97% used [0x00000000dfa80000,0x00000000dfbf5220,0x00000000dfc00000)
  to   space 3072K, 0% used [0x00000000df600000,0x00000000df600000,0x00000000df900000)
 ParOldGen       total 1197056K, used 1196659K [0x0000000080000000, 0x00000000c9100000, 0x00000000d5580000)
  object space 1197056K, 99% used [0x0000000080000000,0x00000000c909cd98,0x00000000c9100000)
 Metaspace       used 85932K, committed 87424K, reserved 1179648K
  class space    used 8864K, committed 9536K, reserved 1048576K
}
Event: 14867.126 GC heap before
{Heap before GC invocations=2355 (full 4):
 PSYoungGen      total 76800K, used 76751K [0x00000000d5580000, 0x00000000dfc00000, 0x0000000100000000)
  eden space 75264K, 99% used [0x00000000d5580000,0x00000000d9efeab0,0x00000000d9f00000)
  from space 1536K, 97% used [0x00000000dfa80000,0x00000000dfbf5220,0x00000000dfc00000)
  to   space 3072K, 0% used [0x00000000df600000,0x00000000df600000,0x00000000df900000)
 ParOldGen       total 1197056K, used 1196659K [0x0000000080000000, 0x00000000c9100000, 0x00000000d5580000)
  object space 1197056K, 99% used [0x0000000080000000,0x00000000c909cd98,0x00000000c9100000)
 Metaspace       used 85990K, committed 87424K, reserved 1179648K
  class space    used 8868K, committed 9536K, reserved 1048576K
}
Event: 14867.144 GC heap after
{Heap after GC invocations=2355 (full 4):
 PSYoungGen      total 75776K, used 3048K [0x00000000d5580000, 0x00000000dfb00000, 0x0000000100000000)
  eden space 72704K, 0% used [0x00000000d5580000,0x00000000d5580000,0x00000000d9c80000)
  from space 3072K, 99% used [0x00000000df600000,0x00000000df8fa170,0x00000000df900000)
  to   space 2048K, 0% used [0x00000000df900000,0x00000000df900000,0x00000000dfb00000)
 ParOldGen       total 1203200K, used 1202813K [0x0000000080000000, 0x00000000c9700000, 0x00000000d5580000)
  object space 1203200K, 99% used [0x0000000080000000,0x00000000c969f440,0x00000000c9700000)
 Metaspace       used 85990K, committed 87424K, reserved 1179648K
  class space    used 8868K, committed 9536K, reserved 1048576K
}
Event: 14870.707 GC heap before
{Heap before GC invocations=2356 (full 4):
 PSYoungGen      total 75776K, used 75752K [0x00000000d5580000, 0x00000000dfb00000, 0x0000000100000000)
  eden space 72704K, 100% used [0x00000000d5580000,0x00000000d9c80000,0x00000000d9c80000)
  from space 3072K, 99% used [0x00000000df600000,0x00000000df8fa170,0x00000000df900000)
  to   space 2048K, 0% used [0x00000000df900000,0x00000000df900000,0x00000000dfb00000)
 ParOldGen       total 1203200K, used 1202813K [0x0000000080000000, 0x00000000c9700000, 0x00000000d5580000)
  object space 1203200K, 99% used [0x0000000080000000,0x00000000c969f440,0x00000000c9700000)
 Metaspace       used 86082K, committed 87552K, reserved 1179648K
  class space    used 8870K, committed 9536K, reserved 1048576K
}
Event: 14870.714 GC heap after
{Heap after GC invocations=2356 (full 4):
 PSYoungGen      total 71680K, used 1372K [0x00000000d5580000, 0x00000000dfa80000, 0x0000000100000000)
  eden space 70144K, 0% used [0x00000000d5580000,0x00000000d5580000,0x00000000d9a00000)
  from space 1536K, 89% used [0x00000000df900000,0x00000000dfa57188,0x00000000dfa80000)
  to   space 4608K, 0% used [0x00000000df180000,0x00000000df180000,0x00000000df600000)
 ParOldGen       total 1204736K, used 1204537K [0x0000000080000000, 0x00000000c9880000, 0x00000000d5580000)
  object space 1204736K, 99% used [0x0000000080000000,0x00000000c984e548,0x00000000c9880000)
 Metaspace       used 86082K, committed 87552K, reserved 1179648K
  class space    used 8870K, committed 9536K, reserved 1048576K
}

